#! /c/Source/iverilog-install/bin/vvp
:ivl_version "12.0 (devel)" "(s20150603-1539-g2693dd32b)";
:ivl_delay_selection "TYPICAL";
:vpi_time_precision + 0;
:vpi_module "C:\iverilog\lib\ivl\system.vpi";
:vpi_module "C:\iverilog\lib\ivl\vhdl_sys.vpi";
:vpi_module "C:\iverilog\lib\ivl\vhdl_textio.vpi";
:vpi_module "C:\iverilog\lib\ivl\v2005_math.vpi";
:vpi_module "C:\iverilog\lib\ivl\va_math.vpi";
S_000001c527716bc0 .scope module, "dff" "dff" 2 1;
 .timescale 0 0;
    .port_info 0 /INPUT 1 "d";
    .port_info 1 /INPUT 1 "clk";
    .port_info 2 /OUTPUT 1 "q";
o000001c5277d6b38 .functor BUFZ 1, C4<z>; HiZ drive
v000001c527717330_0 .net "clk", 0 0, o000001c5277d6b38;  0 drivers
o000001c5277d6b68 .functor BUFZ 1, C4<z>; HiZ drive
v000001c527717110_0 .net "d", 0 0, o000001c5277d6b68;  0 drivers
v000001c5277175c0_0 .var "q", 0 0;
E_000001c5277d4c70 .event posedge, v000001c527717330_0;
    .scope S_000001c527716bc0;
T_0 ;
    %wait E_000001c5277d4c70;
    %load/vec4 v000001c527717110_0;
    %assign/vec4 v000001c5277175c0_0, 0;
    %jmp T_0;
    .thread T_0;
# The file index is used to find the file name in the following table.
:file_names 3;
    "N/A";
    "<interactive>";
    "dff.v";
